This is pdfTeX, Version 3.14159265-2.6-1.40.21 (TeX Live 2020) (preloaded format=pdflatex 2020.9.20)  17 DEC 2020 20:55
entering extended mode
 restricted \write18 enabled.
 %&-line parsing enabled.
**main.tex
(./main.tex
LaTeX2e <2020-02-02> patch level 5
L3 programming layer <2020-03-06>
(/usr/local/texlive/2020/texmf-dist/tex/latex/base/article.cls
Document Class: article 2019/12/20 v1.4l Standard LaTeX document class
(/usr/local/texlive/2020/texmf-dist/tex/latex/base/size10.clo
File: size10.clo 2019/12/20 v1.4l Standard LaTeX file (size option)
)
\c@part=\count167
\c@section=\count168
\c@subsection=\count169
\c@subsubsection=\count170
\c@paragraph=\count171
\c@subparagraph=\count172
\c@figure=\count173
\c@table=\count174
\abovecaptionskip=\skip47
\belowcaptionskip=\skip48
\bibindent=\dimen134
)
(/usr/local/texlive/2020/texmf-dist/tex/latex/base/inputenc.sty
Package: inputenc 2018/08/11 v1.3c Input encoding file
\inpenc@prehook=\toks15
\inpenc@posthook=\toks16
)
(./math_commands.tex
(/usr/local/texlive/2020/texmf-dist/tex/latex/amsmath/amsmath.sty
Package: amsmath 2020/01/20 v2.17e AMS math features
\@mathmargin=\skip49

For additional information on amsmath, use the `?' option.
(/usr/local/texlive/2020/texmf-dist/tex/latex/amsmath/amstext.sty
Package: amstext 2000/06/29 v2.01 AMS text

(/usr/local/texlive/2020/texmf-dist/tex/latex/amsmath/amsgen.sty
File: amsgen.sty 1999/11/30 v2.0 generic functions
\@emptytoks=\toks17
\ex@=\dimen135
))
(/usr/local/texlive/2020/texmf-dist/tex/latex/amsmath/amsbsy.sty
Package: amsbsy 1999/11/29 v1.2d Bold Symbols
\pmbraise@=\dimen136
)
(/usr/local/texlive/2020/texmf-dist/tex/latex/amsmath/amsopn.sty
Package: amsopn 2016/03/08 v2.02 operator names
)
\inf@bad=\count175
LaTeX Info: Redefining \frac on input line 227.
\uproot@=\count176
\leftroot@=\count177
LaTeX Info: Redefining \overline on input line 389.
\classnum@=\count178
\DOTSCASE@=\count179
LaTeX Info: Redefining \ldots on input line 486.
LaTeX Info: Redefining \dots on input line 489.
LaTeX Info: Redefining \cdots on input line 610.
\Mathstrutbox@=\box45
\strutbox@=\box46
\big@size=\dimen137
LaTeX Font Info:    Redeclaring font encoding OML on input line 733.
LaTeX Font Info:    Redeclaring font encoding OMS on input line 734.
\macc@depth=\count180
\c@MaxMatrixCols=\count181
\dotsspace@=\muskip16
\c@parentequation=\count182
\dspbrk@lvl=\count183
\tag@help=\toks18
\row@=\count184
\column@=\count185
\maxfields@=\count186
\andhelp@=\toks19
\eqnshift@=\dimen138
\alignsep@=\dimen139
\tagshift@=\dimen140
\tagwidth@=\dimen141
\totwidth@=\dimen142
\lineht@=\dimen143
\@envbody=\toks20
\multlinegap=\skip50
\multlinetaggap=\skip51
\mathdisplay@stack=\toks21
LaTeX Info: Redefining \[ on input line 2859.
LaTeX Info: Redefining \] on input line 2860.
)
(/usr/local/texlive/2020/texmf-dist/tex/latex/amsfonts/amsfonts.sty
Package: amsfonts 2013/01/14 v3.01 Basic AMSFonts support
\symAMSa=\mathgroup4
\symAMSb=\mathgroup5
LaTeX Font Info:    Redeclaring math symbol \hbar on input line 98.
LaTeX Font Info:    Overwriting math alphabet `\mathfrak' in version `bold'
(Font)                  U/euf/m/n --> U/euf/b/n on input line 106.
)
(/usr/local/texlive/2020/texmf-dist/tex/latex/tools/bm.sty
Package: bm 2019/07/24 v1.2d Bold Symbol Support (DPC/FMi)
\symboldoperators=\mathgroup6
\symboldletters=\mathgroup7
\symboldsymbols=\mathgroup8
LaTeX Font Info:    Redeclaring math alphabet \mathbf on input line 141.
LaTeX Info: Redefining \bm on input line 209.
)
LaTeX Font Info:    Overwriting math alphabet `\mathsfit' in version `bold'
(Font)                  OT1/cmss/m/sl --> OT1/cmss/bx/n on input line 314.
)
(/usr/local/texlive/2020/texmf-dist/tex/latex/natbib/natbib.sty
Package: natbib 2010/09/13 8.31b (PWD, AO)
\bibhang=\skip52
\bibsep=\skip53
LaTeX Info: Redefining \cite on input line 694.
\c@NAT@ctr=\count187
)
(/usr/local/texlive/2020/texmf-dist/tex/latex/multirow/multirow.sty
Package: multirow 2019/05/31 v2.5 Span multiple rows of a table
\multirow@colwidth=\skip54
\multirow@cntb=\count188
\multirow@dima=\skip55
\bigstrutjot=\dimen144
)
(/usr/local/texlive/2020/texmf-dist/tex/latex/amsfonts/amssymb.sty
Package: amssymb 2013/01/14 v3.01 AMS font symbols
)
(/usr/local/texlive/2020/texmf-dist/tex/latex/hyperref/hyperref.sty
Package: hyperref 2020/01/14 v7.00d Hypertext links for LaTeX

(/usr/local/texlive/2020/texmf-dist/tex/generic/ltxcmds/ltxcmds.sty
Package: ltxcmds 2019/12/15 v1.24 LaTeX kernel commands for general use (HO)
)
(/usr/local/texlive/2020/texmf-dist/tex/generic/iftex/iftex.sty
Package: iftex 2020/03/06 v1.0d TeX engine tests
)
(/usr/local/texlive/2020/texmf-dist/tex/latex/pdftexcmds/pdftexcmds.sty
Package: pdftexcmds 2019/11/24 v0.31 Utility functions of pdfTeX for LuaTeX (HO
)

(/usr/local/texlive/2020/texmf-dist/tex/generic/infwarerr/infwarerr.sty
Package: infwarerr 2019/12/03 v1.5 Providing info/warning/error messages (HO)
)
Package pdftexcmds Info: \pdf@primitive is available.
Package pdftexcmds Info: \pdf@ifprimitive is available.
Package pdftexcmds Info: \pdfdraftmode found.
)
(/usr/local/texlive/2020/texmf-dist/tex/latex/graphics/keyval.sty
Package: keyval 2014/10/28 v1.15 key=value parser (DPC)
\KV@toks@=\toks22
)
(/usr/local/texlive/2020/texmf-dist/tex/generic/kvsetkeys/kvsetkeys.sty
Package: kvsetkeys 2019/12/15 v1.18 Key value parser (HO)
)
(/usr/local/texlive/2020/texmf-dist/tex/generic/kvdefinekeys/kvdefinekeys.sty
Package: kvdefinekeys 2019-12-19 v1.6 Define keys (HO)
)
(/usr/local/texlive/2020/texmf-dist/tex/generic/pdfescape/pdfescape.sty
Package: pdfescape 2019/12/09 v1.15 Implements pdfTeX's escape features (HO)
)
(/usr/local/texlive/2020/texmf-dist/tex/latex/hycolor/hycolor.sty
Package: hycolor 2020-01-27 v1.10 Color options for hyperref/bookmark (HO)
)
(/usr/local/texlive/2020/texmf-dist/tex/latex/letltxmacro/letltxmacro.sty
Package: letltxmacro 2019/12/03 v1.6 Let assignment for LaTeX macros (HO)
)
(/usr/local/texlive/2020/texmf-dist/tex/latex/auxhook/auxhook.sty
Package: auxhook 2019-12-17 v1.6 Hooks for auxiliary files (HO)
)
(/usr/local/texlive/2020/texmf-dist/tex/latex/kvoptions/kvoptions.sty
Package: kvoptions 2019/11/29 v3.13 Key value format for package options (HO)
)
\@linkdim=\dimen145
\Hy@linkcounter=\count189
\Hy@pagecounter=\count190

(/usr/local/texlive/2020/texmf-dist/tex/latex/hyperref/pd1enc.def
File: pd1enc.def 2020/01/14 v7.00d Hyperref: PDFDocEncoding definition (HO)
Now handling font encoding PD1 ...
... no UTF-8 mapping file for font encoding PD1
)
(/usr/local/texlive/2020/texmf-dist/tex/generic/intcalc/intcalc.sty
Package: intcalc 2019/12/15 v1.3 Expandable calculations with integers (HO)
)
(/usr/local/texlive/2020/texmf-dist/tex/generic/etexcmds/etexcmds.sty
Package: etexcmds 2019/12/15 v1.7 Avoid name clashes with e-TeX commands (HO)
)
\Hy@SavedSpaceFactor=\count191
Package hyperref Info: Hyper figures OFF on input line 4547.
Package hyperref Info: Link nesting OFF on input line 4552.
Package hyperref Info: Hyper index ON on input line 4555.
Package hyperref Info: Plain pages OFF on input line 4562.
Package hyperref Info: Backreferencing OFF on input line 4567.
Package hyperref Info: Implicit mode ON; LaTeX internals redefined.
Package hyperref Info: Bookmarks ON on input line 4800.
\c@Hy@tempcnt=\count192

(/usr/local/texlive/2020/texmf-dist/tex/latex/url/url.sty
\Urlmuskip=\muskip17
Package: url 2013/09/16  ver 3.4  Verb mode for urls, etc.
)
LaTeX Info: Redefining \url on input line 5159.
\XeTeXLinkMargin=\dimen146

(/usr/local/texlive/2020/texmf-dist/tex/generic/bitset/bitset.sty
Package: bitset 2019/12/09 v1.3 Handle bit-vector datatype (HO)

(/usr/local/texlive/2020/texmf-dist/tex/generic/bigintcalc/bigintcalc.sty
Package: bigintcalc 2019/12/15 v1.5 Expandable calculations on big integers (HO
)
))
\Fld@menulength=\count193
\Field@Width=\dimen147
\Fld@charsize=\dimen148
Package hyperref Info: Hyper figures OFF on input line 6430.
Package hyperref Info: Link nesting OFF on input line 6435.
Package hyperref Info: Hyper index ON on input line 6438.
Package hyperref Info: backreferencing OFF on input line 6445.
Package hyperref Info: Link coloring OFF on input line 6450.
Package hyperref Info: Link coloring with OCG OFF on input line 6455.
Package hyperref Info: PDF/A mode OFF on input line 6460.
LaTeX Info: Redefining \ref on input line 6500.
LaTeX Info: Redefining \pageref on input line 6504.

(/usr/local/texlive/2020/texmf-dist/tex/generic/atbegshi/atbegshi.sty
Package: atbegshi 2019/12/05 v1.19 At begin shipout hook (HO)
)
\Hy@abspage=\count194
\c@Item=\count195
\c@Hfootnote=\count196
)
Package hyperref Info: Driver (autodetected): hpdftex.

(/usr/local/texlive/2020/texmf-dist/tex/latex/hyperref/hpdftex.def
File: hpdftex.def 2020/01/14 v7.00d Hyperref driver for pdfTeX

(/usr/local/texlive/2020/texmf-dist/tex/latex/atveryend/atveryend.sty
Package: atveryend 2019-12-11 v1.11 Hooks at the very end of document (HO)
Package atveryend Info: \enddocument detected (standard20110627).
)
\Fld@listcount=\count197
\c@bookmark@seq@number=\count198

(/usr/local/texlive/2020/texmf-dist/tex/latex/rerunfilecheck/rerunfilecheck.sty
Package: rerunfilecheck 2019/12/05 v1.9 Rerun checks for auxiliary files (HO)

(/usr/local/texlive/2020/texmf-dist/tex/generic/uniquecounter/uniquecounter.sty
Package: uniquecounter 2019/12/15 v1.4 Provide unlimited unique counter (HO)
)
Package uniquecounter Info: New unique counter `rerunfilecheck' on input line 2
86.
)
\Hy@SectionHShift=\skip56
) (/usr/local/texlive/2020/texmf-dist/tex/latex/tools/enumerate.sty
Package: enumerate 2015/07/23 v3.00 enumerate extensions (DPC)
\@enLab=\toks23
)
(/usr/local/texlive/2020/texmf-dist/tex/latex/bbm-macros/bbm.sty
Package: bbm 1999/03/15 V 1.2 provides fonts for set symbols - TH
LaTeX Font Info:    Overwriting math alphabet `\mathbbm' in version `bold'
(Font)                  U/bbm/m/n --> U/bbm/bx/n on input line 33.
LaTeX Font Info:    Overwriting math alphabet `\mathbbmss' in version `bold'
(Font)                  U/bbmss/m/n --> U/bbmss/bx/n on input line 35.
)
(/usr/local/texlive/2020/texmf-dist/tex/latex/graphics/graphicx.sty
Package: graphicx 2019/11/30 v1.2a Enhanced LaTeX Graphics (DPC,SPQR)

(/usr/local/texlive/2020/texmf-dist/tex/latex/graphics/graphics.sty
Package: graphics 2019/11/30 v1.4a Standard LaTeX Graphics (DPC,SPQR)

(/usr/local/texlive/2020/texmf-dist/tex/latex/graphics/trig.sty
Package: trig 2016/01/03 v1.10 sin cos tan (DPC)
)
(/usr/local/texlive/2020/texmf-dist/tex/latex/graphics-cfg/graphics.cfg
File: graphics.cfg 2016/06/04 v1.11 sample graphics configuration
)
Package graphics Info: Driver file: pdftex.def on input line 105.

(/usr/local/texlive/2020/texmf-dist/tex/latex/graphics-def/pdftex.def
File: pdftex.def 2018/01/08 v1.0l Graphics/color driver for pdftex
))
\Gin@req@height=\dimen149
\Gin@req@width=\dimen150
)
(/usr/local/texlive/2020/texmf-dist/tex/latex/pdfpages/pdfpages.sty
Package: pdfpages 2020/01/28 v0.5q Insert pages of external PDF documents (AM)

(/usr/local/texlive/2020/texmf-dist/tex/latex/base/ifthen.sty
Package: ifthen 2014/09/29 v1.1c Standard LaTeX ifthen package (DPC)
)
(/usr/local/texlive/2020/texmf-dist/tex/latex/tools/calc.sty
Package: calc 2017/05/25 v4.3 Infix arithmetic (KKT,FJ)
\calc@Acount=\count199
\calc@Bcount=\count266
\calc@Adimen=\dimen151
\calc@Bdimen=\dimen152
\calc@Askip=\skip57
\calc@Bskip=\skip58
LaTeX Info: Redefining \setlength on input line 80.
LaTeX Info: Redefining \addtolength on input line 81.
\calc@Ccount=\count267
\calc@Cskip=\skip59
)
(/usr/local/texlive/2020/texmf-dist/tex/latex/eso-pic/eso-pic.sty
Package: eso-pic 2018/04/12 v2.0h eso-pic (RN)

(/usr/local/texlive/2020/texmf-dist/tex/latex/xcolor/xcolor.sty
Package: xcolor 2016/05/11 v2.12 LaTeX color extensions (UK)

(/usr/local/texlive/2020/texmf-dist/tex/latex/graphics-cfg/color.cfg
File: color.cfg 2016/01/02 v1.6 sample color configuration
)
Package xcolor Info: Driver file: pdftex.def on input line 225.
Package xcolor Info: Model `cmy' substituted by `cmy0' on input line 1348.
Package xcolor Info: Model `hsb' substituted by `rgb' on input line 1352.
Package xcolor Info: Model `RGB' extended on input line 1364.
Package xcolor Info: Model `HTML' substituted by `rgb' on input line 1366.
Package xcolor Info: Model `Hsb' substituted by `hsb' on input line 1367.
Package xcolor Info: Model `tHsb' substituted by `hsb' on input line 1368.
Package xcolor Info: Model `HSB' substituted by `hsb' on input line 1369.
Package xcolor Info: Model `Gray' substituted by `gray' on input line 1370.
Package xcolor Info: Model `wave' substituted by `hsb' on input line 1371.
))
\AM@pagewidth=\dimen153
\AM@pageheight=\dimen154

(/usr/local/texlive/2020/texmf-dist/tex/latex/pdfpages/pppdftex.def
File: pppdftex.def 2020/01/28 v0.5q Pdfpages driver for pdfTeX (AM)
)
\AM@pagebox=\box47
\AM@global@opts=\toks24
\AM@pagecnt=\count268
\AM@toc@title=\toks25
\c@AM@survey=\count269
\AM@templatesizebox=\box48
)
(/usr/local/texlive/2020/texmf-dist/tex/latex/amscls/amsthm.sty
Package: amsthm 2017/10/31 v2.20.4
\thm@style=\toks26
\thm@bodyfont=\toks27
\thm@headfont=\toks28
\thm@notefont=\toks29
\thm@headpunct=\toks30
\thm@preskip=\skip60
\thm@postskip=\skip61
\thm@headsep=\skip62
\dth@everypar=\toks31
)
\c@theorem=\count270
\c@corollary=\count271

(/usr/local/texlive/2020/texmf-dist/tex/latex/caption/subcaption.sty
Package: subcaption 2020/01/22 v1.3d Sub-captions (AR)

(/usr/local/texlive/2020/texmf-dist/tex/latex/caption/caption.sty
Package: caption 2020/01/03 v3.4h Customizing captions (AR)

(/usr/local/texlive/2020/texmf-dist/tex/latex/caption/caption3.sty
Package: caption3 2020/01/03 v1.8h caption3 kernel (AR)
Package caption3 Info: TeX engine: e-TeX on input line 61.
\captionmargin=\dimen155
\captionmargin@=\dimen156
\captionwidth=\dimen157
\caption@tempdima=\dimen158
\caption@indent=\dimen159
\caption@parindent=\dimen160
\caption@hangindent=\dimen161
Package caption Info: Standard document class detected.
)
\c@caption@flags=\count272
\c@continuedfloat=\count273
Package caption Info: hyperref package is loaded.
)
\c@subfigure=\count274
\c@subtable=\count275
)
(/usr/local/texlive/2020/texmf-dist/tex/latex/l3backend/l3backend-pdfmode.def
File: l3backend-pdfmode.def 2020-03-12 L3 backend support: PDF mode
\l__kernel_color_stack_int=\count276
\l__pdf_internal_box=\box49
)
(./main.aux)
\openout1 = `main.aux'.

LaTeX Font Info:    Checking defaults for OML/cmm/m/it on input line 34.
LaTeX Font Info:    ... okay on input line 34.
LaTeX Font Info:    Checking defaults for OMS/cmsy/m/n on input line 34.
LaTeX Font Info:    ... okay on input line 34.
LaTeX Font Info:    Checking defaults for OT1/cmr/m/n on input line 34.
LaTeX Font Info:    ... okay on input line 34.
LaTeX Font Info:    Checking defaults for T1/cmr/m/n on input line 34.
LaTeX Font Info:    ... okay on input line 34.
LaTeX Font Info:    Checking defaults for TS1/cmr/m/n on input line 34.
LaTeX Font Info:    ... okay on input line 34.
LaTeX Font Info:    Checking defaults for OMX/cmex/m/n on input line 34.
LaTeX Font Info:    ... okay on input line 34.
LaTeX Font Info:    Checking defaults for U/cmr/m/n on input line 34.
LaTeX Font Info:    ... okay on input line 34.
LaTeX Font Info:    Checking defaults for PD1/pdf/m/n on input line 34.
LaTeX Font Info:    ... okay on input line 34.
\AtBeginShipoutBox=\box50
Package hyperref Info: Link coloring OFF on input line 34.
 (/usr/local/texlive/2020/texmf-dist/tex/latex/hyperref/nameref.sty
Package: nameref 2019/09/16 v2.46 Cross-referencing by name of section
(/usr/local/texlive/2020/texmf-dist/tex/latex/refcount/refcount.sty
Package: refcount 2019/12/15 v3.6 Data extraction from label references (HO)
)
(/usr/local/texlive/2020/texmf-dist/tex/generic/gettitlestring/gettitlestring.s
ty
Package: gettitlestring 2019/12/15 v1.6 Cleanup title references (HO)
)
\c@section@level=\count277
)
LaTeX Info: Redefining \ref on input line 34.
LaTeX Info: Redefining \pageref on input line 34.
LaTeX Info: Redefining \nameref on input line 34.
 (./main.out) (./main.out)
\@outlinefile=\write3
\openout3 = `main.out'.


(/usr/local/texlive/2020/texmf-dist/tex/context/base/mkii/supp-pdf.mkii
[Loading MPS to PDF converter (version 2006.09.02).]
\scratchcounter=\count278
\scratchdimen=\dimen162
\scratchbox=\box51
\nofMPsegments=\count279
\nofMParguments=\count280
\everyMPshowfont=\toks32
\MPscratchCnt=\count281
\MPscratchDim=\dimen163
\MPnumerator=\count282
\makeMPintoPDFobject=\count283
\everyMPtoPDFconversion=\toks33
) (/usr/local/texlive/2020/texmf-dist/tex/latex/epstopdf-pkg/epstopdf-base.sty
Package: epstopdf-base 2020-01-24 v2.11 Base part for package epstopdf
Package epstopdf-base Info: Redefining graphics rule for `.eps' on input line 4
85.

(/usr/local/texlive/2020/texmf-dist/tex/latex/latexconfig/epstopdf-sys.cfg
File: epstopdf-sys.cfg 2010/07/13 v1.3 Configuration of (r)epstopdf for TeX Liv
e
))
(/usr/local/texlive/2020/texmf-dist/tex/latex/pdflscape/pdflscape.sty
Package: pdflscape 2019/12/05 v0.12 Display of landscape pages in PDF (HO)

(/usr/local/texlive/2020/texmf-dist/tex/latex/graphics/lscape.sty
Package: lscape 2000/10/22 v3.01 Landscape Pages (DPC)
)
Package pdflscape Info: Auto-detected driver: pdftex on input line 81.
)
Package caption Info: Begin \AtBeginDocument code.
Package caption Info: End \AtBeginDocument code.
LaTeX Font Info:    Trying to load font information for U+msa on input line 37.


(/usr/local/texlive/2020/texmf-dist/tex/latex/amsfonts/umsa.fd
File: umsa.fd 2013/01/14 v3.01 AMS symbols A
)
LaTeX Font Info:    Trying to load font information for U+msb on input line 37.


(/usr/local/texlive/2020/texmf-dist/tex/latex/amsfonts/umsb.fd
File: umsb.fd 2013/01/14 v3.01 AMS symbols B
)
LaTeX Font Info:    Trying to load font information for U+bbm on input line 45.


(/usr/local/texlive/2020/texmf-dist/tex/latex/bbm-macros/ubbm.fd
File: ubbm.fd 1999/03/15 V 1.2 Font definition for bbm font - TH
) [1

{/usr/local/texlive/2020/texmf-var/fonts/map/pdftex/updmap/pdftex.map}]
<figs/SpaceDecompostion.png, id=30, 699.61375pt x 659.46375pt>
File: figs/SpaceDecompostion.png Graphic file (type png)
<use figs/SpaceDecompostion.png>
Package pdftex.def Info: figs/SpaceDecompostion.png  used on input line 86.
(pdftex.def)             Requested size: 241.49895pt x 227.63599pt.
 [2 <./figs/SpaceDecompostion.png>]
<figs/vecfield_global.png, id=43, 453.3738pt x 363.2772pt>
File: figs/vecfield_global.png Graphic file (type png)
<use figs/vecfield_global.png>
Package pdftex.def Info: figs/vecfield_global.png  used on input line 99.
(pdftex.def)             Requested size: 172.5pt x 138.21861pt.
<figs/vecfield_veryclose.png, id=44, 466.3824pt x 363.2772pt>
File: figs/vecfield_veryclose.png Graphic file (type png)
<use figs/vecfield_veryclose.png>
Package pdftex.def Info: figs/vecfield_veryclose.png  used on input line 103.
(pdftex.def)             Requested size: 177.67479pt x 138.39598pt.

Overfull \hbox (5.17479pt too wide) in paragraph at lines 98--106
[][][] 
 []

<figs/Q2_99percent.png, id=47, 466.3824pt x 363.2772pt>
File: figs/Q2_99percent.png Graphic file (type png)
<use figs/Q2_99percent.png>
Package pdftex.def Info: figs/Q2_99percent.png  used on input line 113.
(pdftex.def)             Requested size: 241.49895pt x 188.10701pt.
[3 <./figs/vecfield_global.png (PNG copy)> <./figs/vecfield_veryclose.png (PNG 
copy)>]
<figs/Q2_132.png, id=60, 466.3824pt x 363.2772pt>
File: figs/Q2_132.png Graphic file (type png)
<use figs/Q2_132.png>
Package pdftex.def Info: figs/Q2_132.png  used on input line 126.
(pdftex.def)             Requested size: 138.00052pt x 107.49289pt.
<figs/Q2_131.png, id=61, 466.3824pt x 363.2772pt>
File: figs/Q2_131.png Graphic file (type png)
<use figs/Q2_131.png>
Package pdftex.def Info: figs/Q2_131.png  used on input line 131.
(pdftex.def)             Requested size: 138.00052pt x 107.49289pt.
<figs/Q2_100.png, id=62, 466.3824pt x 363.2772pt>
File: figs/Q2_100.png Graphic file (type png)
<use figs/Q2_100.png>
Package pdftex.def Info: figs/Q2_100.png  used on input line 136.
(pdftex.def)             Requested size: 138.00052pt x 107.49289pt.
<figs/Q2_70.png, id=63, 466.3824pt x 363.2772pt>
File: figs/Q2_70.png Graphic file (type png)
<use figs/Q2_70.png>
Package pdftex.def Info: figs/Q2_70.png  used on input line 141.
(pdftex.def)             Requested size: 138.00052pt x 107.49289pt.
<figs/Q2_60.png, id=64, 466.3824pt x 363.2772pt>
File: figs/Q2_60.png Graphic file (type png)
<use figs/Q2_60.png>
Package pdftex.def Info: figs/Q2_60.png  used on input line 146.
(pdftex.def)             Requested size: 138.00052pt x 107.49289pt.
<figs/Q2_30.png, id=65, 466.3824pt x 363.2772pt>
File: figs/Q2_30.png Graphic file (type png)
<use figs/Q2_30.png>
Package pdftex.def Info: figs/Q2_30.png  used on input line 151.
(pdftex.def)             Requested size: 138.00052pt x 107.49289pt.

Overfull \hbox (2.22221pt too wide) in paragraph at lines 124--154
[]$[]$ $[]$
 []


Overfull \hbox (2.22221pt too wide) in paragraph at lines 124--154
[]$ $[]$
 []


Overfull \hbox (2.22221pt too wide) in paragraph at lines 124--154
[]$ $[]$ 
 []

[4 <./figs/Q2_99percent.png (PNG copy)>] [5 <./figs/Q2_132.png (PNG copy)> <./f
igs/Q2_131.png (PNG copy)> <./figs/Q2_100.png (PNG copy)> <./figs/Q2_70.png (PN
G copy)> <./figs/Q2_60.png (PNG copy)> <./figs/Q2_30.png (PNG copy)>]
<figs/Q2_iteration_alpha.png, id=83, 484.6908pt x 379.1766pt>
File: figs/Q2_iteration_alpha.png Graphic file (type png)
<use figs/Q2_iteration_alpha.png>
Package pdftex.def Info: figs/Q2_iteration_alpha.png  used on input line 168.
(pdftex.def)             Requested size: 241.49895pt x 188.92247pt.
<figs/Q2_12652.png, id=84, 466.3824pt x 363.2772pt>
File: figs/Q2_12652.png Graphic file (type png)
<use figs/Q2_12652.png>
Package pdftex.def Info: figs/Q2_12652.png  used on input line 175.
(pdftex.def)             Requested size: 172.5pt x 134.36612pt.
<figs/Q2_12988.png, id=85, 466.3824pt x 363.2772pt>
File: figs/Q2_12988.png Graphic file (type png)
<use figs/Q2_12988.png>
Package pdftex.def Info: figs/Q2_12988.png  used on input line 179.
(pdftex.def)             Requested size: 177.67479pt x 138.39598pt.

Overfull \hbox (5.17479pt too wide) in paragraph at lines 174--182
[][][] 
 []

[6 <./figs/Q2_iteration_alpha.png (PNG copy)>]
<figs/Q3/Iteration/M1000_a03.png, id=95, 485.6544pt x 385.44pt>
File: figs/Q3/Iteration/M1000_a03.png Graphic file (type png)
<use figs/Q3/Iteration/M1000_a03.png>
Package pdftex.def Info: figs/Q3/Iteration/M1000_a03.png  used on input line 19
5.
(pdftex.def)             Requested size: 155.24895pt x 123.21393pt.
<figs/Q3/Iteration/M1000_a06.png, id=96, 485.6544pt x 385.44pt>
File: figs/Q3/Iteration/M1000_a06.png Graphic file (type png)
<use figs/Q3/Iteration/M1000_a06.png>
Package pdftex.def Info: figs/Q3/Iteration/M1000_a06.png  used on input line 20
0.
(pdftex.def)             Requested size: 155.24895pt x 123.21393pt.
<figs/Q3/Iteration/M1000_a08.png, id=97, 483.2454pt x 385.44pt>
File: figs/Q3/Iteration/M1000_a08.png Graphic file (type png)
<use figs/Q3/Iteration/M1000_a08.png>
Package pdftex.def Info: figs/Q3/Iteration/M1000_a08.png  used on input line 20
5.
(pdftex.def)             Requested size: 155.24895pt x 123.82558pt.
<figs/Q3/Iteration/M1000_a1.png, id=98, 483.2454pt x 385.44pt>
File: figs/Q3/Iteration/M1000_a1.png Graphic file (type png)
<use figs/Q3/Iteration/M1000_a1.png>
Package pdftex.def Info: figs/Q3/Iteration/M1000_a1.png  used on input line 210
.
(pdftex.def)             Requested size: 155.24895pt x 123.82558pt.
<figs/Q3/Iteration/M1000_a2.png, id=99, 483.2454pt x 385.44pt>
File: figs/Q3/Iteration/M1000_a2.png Graphic file (type png)
<use figs/Q3/Iteration/M1000_a2.png>
Package pdftex.def Info: figs/Q3/Iteration/M1000_a2.png  used on input line 215
.
(pdftex.def)             Requested size: 155.24895pt x 123.82558pt.
<figs/Q3/Iteration/M1000_a3.png, id=100, 483.2454pt x 385.44pt>
File: figs/Q3/Iteration/M1000_a3.png Graphic file (type png)
<use figs/Q3/Iteration/M1000_a3.png>
Package pdftex.def Info: figs/Q3/Iteration/M1000_a3.png  used on input line 220
.
(pdftex.def)             Requested size: 155.24895pt x 123.82558pt.
<figs/Q3/Iteration/M1000_a465.png, id=101, 480.3546pt x 385.44pt>
File: figs/Q3/Iteration/M1000_a465.png Graphic file (type png)
<use figs/Q3/Iteration/M1000_a465.png>
Package pdftex.def Info: figs/Q3/Iteration/M1000_a465.png  used on input line 2
25.
(pdftex.def)             Requested size: 155.24895pt x 124.57251pt.
<figs/Q3/Iteration/M1000_a470.png, id=102, 480.3546pt x 385.44pt>
File: figs/Q3/Iteration/M1000_a470.png Graphic file (type png)
<use figs/Q3/Iteration/M1000_a470.png>
Package pdftex.def Info: figs/Q3/Iteration/M1000_a470.png  used on input line 2
30.
(pdftex.def)             Requested size: 155.24895pt x 124.57251pt.

Overfull \hbox (2.22221pt too wide) in paragraph at lines 193--233
[]$[]$ $[]$
 []


Overfull \hbox (2.22221pt too wide) in paragraph at lines 193--233
[]$ $[]$
 []


Overfull \hbox (2.22221pt too wide) in paragraph at lines 193--233
[]$ $[]$
 []


Overfull \hbox (2.22221pt too wide) in paragraph at lines 193--233
[]$ $[]$ 
 []


LaTeX Warning: Float too large for page by 62.43759pt on input line 237.

<figs/Q3/Histogram/M1000_a03.png, id=103, 458.1918pt x 385.44pt>
File: figs/Q3/Histogram/M1000_a03.png Graphic file (type png)
<use figs/Q3/Histogram/M1000_a03.png>
Package pdftex.def Info: figs/Q3/Histogram/M1000_a03.png  used on input line 24
4.
(pdftex.def)             Requested size: 138.00052pt x 116.08575pt.
<figs/Q3/Histogram/M1000_a06.png, id=104, 457.71pt x 385.44pt>
File: figs/Q3/Histogram/M1000_a06.png Graphic file (type png)
<use figs/Q3/Histogram/M1000_a06.png>
Package pdftex.def Info: figs/Q3/Histogram/M1000_a06.png  used on input line 24
9.
(pdftex.def)             Requested size: 138.00052pt x 116.20926pt.
<figs/Q3/Histogram/M1000_a08.png, id=105, 458.1918pt x 385.44pt>
File: figs/Q3/Histogram/M1000_a08.png Graphic file (type png)
<use figs/Q3/Histogram/M1000_a08.png>
Package pdftex.def Info: figs/Q3/Histogram/M1000_a08.png  used on input line 25
4.
(pdftex.def)             Requested size: 138.00052pt x 116.08575pt.
<figs/Q3/Histogram/M1000_a1.png, id=106, 458.1918pt x 387.3672pt>
File: figs/Q3/Histogram/M1000_a1.png Graphic file (type png)
<use figs/Q3/Histogram/M1000_a1.png>
Package pdftex.def Info: figs/Q3/Histogram/M1000_a1.png  used on input line 259
.
(pdftex.def)             Requested size: 138.00052pt x 116.66618pt.
<figs/Q3/Histogram/M1000_a2.png, id=107, 458.1918pt x 385.44pt>
File: figs/Q3/Histogram/M1000_a2.png Graphic file (type png)
<use figs/Q3/Histogram/M1000_a2.png>
Package pdftex.def Info: figs/Q3/Histogram/M1000_a2.png  used on input line 264
.
(pdftex.def)             Requested size: 138.00052pt x 116.08575pt.
<figs/Q3/Histogram/M1000_a3.png, id=108, 458.1918pt x 385.44pt>
File: figs/Q3/Histogram/M1000_a3.png Graphic file (type png)
<use figs/Q3/Histogram/M1000_a3.png>
Package pdftex.def Info: figs/Q3/Histogram/M1000_a3.png  used on input line 269
.
(pdftex.def)             Requested size: 138.00052pt x 116.08575pt.
<figs/Q3/Histogram/M1000_a4.png, id=109, 464.4552pt x 385.44pt>
File: figs/Q3/Histogram/M1000_a4.png Graphic file (type png)
<use figs/Q3/Histogram/M1000_a4.png>
Package pdftex.def Info: figs/Q3/Histogram/M1000_a4.png  used on input line 274
.
(pdftex.def)             Requested size: 138.00052pt x 114.52132pt.
<figs/Q3/Histogram/M1000_a465.png, id=110, 458.6736pt x 385.44pt>
File: figs/Q3/Histogram/M1000_a465.png Graphic file (type png)
<use figs/Q3/Histogram/M1000_a465.png>
Package pdftex.def Info: figs/Q3/Histogram/M1000_a465.png  used on input line 2
79.
(pdftex.def)             Requested size: 138.00052pt x 115.96223pt.

Overfull \hbox (2.22221pt too wide) in paragraph at lines 242--282
[]$[]$ $[]$
 []


Overfull \hbox (2.22221pt too wide) in paragraph at lines 242--282
[]$ $[]$
 []


Overfull \hbox (2.22221pt too wide) in paragraph at lines 242--282
[]$ $[]$
 []


Overfull \hbox (2.22221pt too wide) in paragraph at lines 242--282
[]$ $[]$ 
 []


LaTeX Warning: Float too large for page by 31.92343pt on input line 286.

[7 <./figs/Q2_12652.png (PNG copy)> <./figs/Q2_12988.png (PNG copy)>] [8 <./fig
s/Q3/Iteration/M1000_a03.png (PNG copy)> <./figs/Q3/Iteration/M1000_a06.png (PN
G copy)> <./figs/Q3/Iteration/M1000_a08.png (PNG copy)> <./figs/Q3/Iteration/M1
000_a1.png (PNG copy)> <./figs/Q3/Iteration/M1000_a2.png (PNG copy)> <./figs/Q3
/Iteration/M1000_a3.png (PNG copy)> <./figs/Q3/Iteration/M1000_a465.png (PNG co
py)> <./figs/Q3/Iteration/M1000_a470.png (PNG copy)>] [9 <./figs/Q3/Histogram/M
1000_a03.png (PNG copy)> <./figs/Q3/Histogram/M1000_a06.png (PNG copy)> <./figs
/Q3/Histogram/M1000_a08.png (PNG copy)> <./figs/Q3/Histogram/M1000_a1.png (PNG 
copy)> <./figs/Q3/Histogram/M1000_a2.png (PNG copy)> <./figs/Q3/Histogram/M1000
_a3.png (PNG copy)> <./figs/Q3/Histogram/M1000_a4.png (PNG copy)> <./figs/Q3/Hi
stogram/M1000_a465.png (PNG copy)>]
<figs/Q3/a2_traj.png, id=132, 466.3824pt x 363.2772pt>
File: figs/Q3/a2_traj.png Graphic file (type png)
<use figs/Q3/a2_traj.png>
Package pdftex.def Info: figs/Q3/a2_traj.png  used on input line 294.
(pdftex.def)             Requested size: 172.5pt x 134.36612pt.
<figs/Q3/a03_traj.png, id=133, 466.3824pt x 363.2772pt>
File: figs/Q3/a03_traj.png Graphic file (type png)
<use figs/Q3/a03_traj.png>
Package pdftex.def Info: figs/Q3/a03_traj.png  used on input line 298.
(pdftex.def)             Requested size: 177.67479pt x 138.39598pt.

Overfull \hbox (5.17479pt too wide) in paragraph at lines 293--301
[][][] 
 []

Package atveryend Info: Empty hook `BeforeClearDocument' on input line 304.
[10 <./figs/Q3/a2_traj.png (PNG copy)> <./figs/Q3/a03_traj.png (PNG copy)>]
Package atveryend Info: Empty hook `AfterLastShipout' on input line 304.

(./main.aux)
Package atveryend Info: Executing hook `AtVeryEndDocument' on input line 304.
Package atveryend Info: Executing hook `AtEndAfterFileList' on input line 304.
Package rerunfilecheck Info: File `main.out' has not changed.
(rerunfilecheck)             Checksum: D41D8CD98F00B204E9800998ECF8427E;0.
Package atveryend Info: Empty hook `AtVeryVeryEnd' on input line 304.
 ) 
Here is how much of TeX's memory you used:
 9955 strings out of 480608
 146626 string characters out of 5903630
 422463 words of memory out of 5000000
 25583 multiletter control sequences out of 15000+600000
 548573 words of font info for 86 fonts, out of 8000000 for 9000
 1141 hyphenation exceptions out of 8191
 48i,8n,46p,1324b,544s stack positions out of 5000i,500n,10000p,200000b,80000s
{/usr/local/texlive/2020/texmf-dist/fonts/enc/dvips/cm-super/cm-super-ts1.enc
} </Users/xuyuancheng/Library/texlive/2020/texmf-var/fonts/pk/ljfour/public/bbm
/bbm10.600pk></usr/local/texlive/2020/texmf-dist/fonts/type1/public/amsfonts/cm
/cmbx10.pfb></usr/local/texlive/2020/texmf-dist/fonts/type1/public/amsfonts/cm/
cmbx12.pfb></usr/local/texlive/2020/texmf-dist/fonts/type1/public/amsfonts/cm/c
mex10.pfb></usr/local/texlive/2020/texmf-dist/fonts/type1/public/amsfonts/cmext
ra/cmex7.pfb></usr/local/texlive/2020/texmf-dist/fonts/type1/public/amsfonts/cm
/cmmi10.pfb></usr/local/texlive/2020/texmf-dist/fonts/type1/public/amsfonts/cm/
cmmi5.pfb></usr/local/texlive/2020/texmf-dist/fonts/type1/public/amsfonts/cm/cm
mi7.pfb></usr/local/texlive/2020/texmf-dist/fonts/type1/public/amsfonts/cm/cmmi
9.pfb></usr/local/texlive/2020/texmf-dist/fonts/type1/public/amsfonts/cm/cmr10.
pfb></usr/local/texlive/2020/texmf-dist/fonts/type1/public/amsfonts/cm/cmr12.pf
b></usr/local/texlive/2020/texmf-dist/fonts/type1/public/amsfonts/cm/cmr17.pfb>
</usr/local/texlive/2020/texmf-dist/fonts/type1/public/amsfonts/cm/cmr5.pfb></u
sr/local/texlive/2020/texmf-dist/fonts/type1/public/amsfonts/cm/cmr6.pfb></usr/
local/texlive/2020/texmf-dist/fonts/type1/public/amsfonts/cm/cmr7.pfb></usr/loc
al/texlive/2020/texmf-dist/fonts/type1/public/amsfonts/cm/cmr9.pfb></usr/local/
texlive/2020/texmf-dist/fonts/type1/public/amsfonts/cm/cmsy10.pfb></usr/local/t
exlive/2020/texmf-dist/fonts/type1/public/amsfonts/cm/cmsy7.pfb></usr/local/tex
live/2020/texmf-dist/fonts/type1/public/cm-super/sfrm1000.pfb>
Output written on main.pdf (10 pages, 1229990 bytes).
PDF statistics:
 209 PDF objects out of 1000 (max. 8388607)
 144 compressed objects within 2 object streams
 33 named destinations out of 1000 (max. 500000)
 156 words of extra memory for PDF output out of 10000 (max. 10000000)

